{"/Users/KurylovichYury/HexletProjects/frontend-project-lvl2/src/comparator.js": {"path":"/Users/KurylovichYury/HexletProjects/frontend-project-lvl2/src/comparator.js","all":false,"statementMap":{"0":{"start":{"line":1,"column":0},"end":{"line":1,"column":23}},"1":{"start":{"line":2,"column":0},"end":{"line":2,"column":37}},"2":{"start":{"line":3,"column":0},"end":{"line":3,"column":0}},"3":{"start":{"line":4,"column":0},"end":{"line":4,"column":45}},"4":{"start":{"line":5,"column":0},"end":{"line":5,"column":0}},"5":{"start":{"line":6,"column":0},"end":{"line":6,"column":38}},"6":{"start":{"line":7,"column":0},"end":{"line":7,"column":42}},"7":{"start":{"line":8,"column":0},"end":{"line":8,"column":42}},"8":{"start":{"line":9,"column":0},"end":{"line":9,"column":34}},"9":{"start":{"line":10,"column":0},"end":{"line":10,"column":34}},"10":{"start":{"line":11,"column":0},"end":{"line":11,"column":36}},"11":{"start":{"line":12,"column":0},"end":{"line":12,"column":0}},"12":{"start":{"line":13,"column":0},"end":{"line":13,"column":28}},"13":{"start":{"line":14,"column":0},"end":{"line":14,"column":42}},"14":{"start":{"line":15,"column":0},"end":{"line":15,"column":34}},"15":{"start":{"line":16,"column":0},"end":{"line":16,"column":12}},"16":{"start":{"line":17,"column":0},"end":{"line":17,"column":29}},"17":{"start":{"line":18,"column":0},"end":{"line":18,"column":36}},"18":{"start":{"line":19,"column":0},"end":{"line":19,"column":7}},"19":{"start":{"line":20,"column":0},"end":{"line":20,"column":29}},"20":{"start":{"line":21,"column":0},"end":{"line":21,"column":36}},"21":{"start":{"line":22,"column":0},"end":{"line":22,"column":7}},"22":{"start":{"line":23,"column":0},"end":{"line":23,"column":5}},"23":{"start":{"line":24,"column":0},"end":{"line":24,"column":0}},"24":{"start":{"line":25,"column":0},"end":{"line":25,"column":15}},"25":{"start":{"line":26,"column":0},"end":{"line":26,"column":4}},"26":{"start":{"line":27,"column":0},"end":{"line":27,"column":0}},"27":{"start":{"line":28,"column":0},"end":{"line":28,"column":40}},"28":{"start":{"line":29,"column":0},"end":{"line":29,"column":0}},"29":{"start":{"line":30,"column":0},"end":{"line":30,"column":54}},"30":{"start":{"line":31,"column":0},"end":{"line":31,"column":15}},"31":{"start":{"line":32,"column":0},"end":{"line":32,"column":13}},"32":{"start":{"line":33,"column":0},"end":{"line":33,"column":15}},"33":{"start":{"line":34,"column":0},"end":{"line":34,"column":14}},"34":{"start":{"line":35,"column":0},"end":{"line":35,"column":0}},"35":{"start":{"line":36,"column":0},"end":{"line":36,"column":16}},"36":{"start":{"line":37,"column":0},"end":{"line":37,"column":2}},"37":{"start":{"line":38,"column":0},"end":{"line":38,"column":0}},"38":{"start":{"line":39,"column":0},"end":{"line":39,"column":26}}},"s":{"0":1,"1":1,"2":1,"3":1,"4":1,"5":1,"6":1,"7":1,"8":1,"9":1,"10":1,"11":1,"12":1,"13":7,"14":2,"15":7,"16":5,"17":4,"18":4,"19":5,"20":3,"21":3,"22":5,"23":7,"24":7,"25":7,"26":1,"27":1,"28":1,"29":1,"30":1,"31":1,"32":1,"33":1,"34":1,"35":1,"36":1,"37":1,"38":1},"branchMap":{"0":{"type":"branch","line":4,"loc":{"start":{"line":4,"column":19},"end":{"line":4,"column":32}},"locations":[{"start":{"line":4,"column":19},"end":{"line":4,"column":32}}]},"1":{"type":"branch","line":6,"loc":{"start":{"line":6,"column":19},"end":{"line":37,"column":2}},"locations":[{"start":{"line":6,"column":19},"end":{"line":37,"column":2}}]},"2":{"type":"branch","line":13,"loc":{"start":{"line":13,"column":13},"end":{"line":26,"column":4}},"locations":[{"start":{"line":13,"column":13},"end":{"line":26,"column":4}}]},"3":{"type":"branch","line":14,"loc":{"start":{"line":14,"column":41},"end":{"line":16,"column":11}},"locations":[{"start":{"line":14,"column":41},"end":{"line":16,"column":11}}]},"4":{"type":"branch","line":16,"loc":{"start":{"line":16,"column":5},"end":{"line":23,"column":5}},"locations":[{"start":{"line":16,"column":5},"end":{"line":23,"column":5}}]},"5":{"type":"branch","line":17,"loc":{"start":{"line":17,"column":28},"end":{"line":19,"column":7}},"locations":[{"start":{"line":17,"column":28},"end":{"line":19,"column":7}}]},"6":{"type":"branch","line":20,"loc":{"start":{"line":20,"column":28},"end":{"line":22,"column":7}},"locations":[{"start":{"line":20,"column":28},"end":{"line":22,"column":7}}]}},"b":{"0":[2],"1":[1],"2":[7],"3":[2],"4":[5],"5":[4],"6":[3]},"fnMap":{"0":{"name":"parseFile","decl":{"start":{"line":4,"column":19},"end":{"line":4,"column":32}},"loc":{"start":{"line":4,"column":19},"end":{"line":4,"column":32}},"line":4},"1":{"name":"comparator","decl":{"start":{"line":6,"column":19},"end":{"line":37,"column":2}},"loc":{"start":{"line":6,"column":19},"end":{"line":37,"column":2}},"line":6},"2":{"name":"cb","decl":{"start":{"line":13,"column":13},"end":{"line":26,"column":4}},"loc":{"start":{"line":13,"column":13},"end":{"line":26,"column":4}},"line":13}},"f":{"0":2,"1":1,"2":7}}
,"/Users/KurylovichYury/HexletProjects/frontend-project-lvl2/src/getFixturePath.js": {"path":"/Users/KurylovichYury/HexletProjects/frontend-project-lvl2/src/getFixturePath.js","all":false,"statementMap":{"0":{"start":{"line":1,"column":0},"end":{"line":1,"column":36}},"1":{"start":{"line":2,"column":0},"end":{"line":2,"column":24}},"2":{"start":{"line":3,"column":0},"end":{"line":3,"column":0}},"3":{"start":{"line":4,"column":0},"end":{"line":4,"column":50}},"4":{"start":{"line":5,"column":0},"end":{"line":5,"column":43}},"5":{"start":{"line":6,"column":0},"end":{"line":6,"column":0}},"6":{"start":{"line":7,"column":0},"end":{"line":7,"column":38}},"7":{"start":{"line":8,"column":0},"end":{"line":8,"column":75}},"8":{"start":{"line":9,"column":0},"end":{"line":9,"column":21}},"9":{"start":{"line":10,"column":0},"end":{"line":10,"column":2}},"10":{"start":{"line":11,"column":0},"end":{"line":11,"column":0}},"11":{"start":{"line":12,"column":0},"end":{"line":12,"column":30}}},"s":{"0":1,"1":1,"2":1,"3":1,"4":1,"5":1,"6":1,"7":2,"8":2,"9":2,"10":1,"11":1},"branchMap":{"0":{"type":"branch","line":7,"loc":{"start":{"line":7,"column":24},"end":{"line":10,"column":2}},"locations":[{"start":{"line":7,"column":24},"end":{"line":10,"column":2}}]}},"b":{"0":[2]},"fnMap":{"0":{"name":"getFixturePath","decl":{"start":{"line":7,"column":24},"end":{"line":10,"column":2}},"loc":{"start":{"line":7,"column":24},"end":{"line":10,"column":2}},"line":7}},"f":{"0":2}}
,"/Users/KurylovichYury/HexletProjects/frontend-project-lvl2/src/readFile.js": {"path":"/Users/KurylovichYury/HexletProjects/frontend-project-lvl2/src/readFile.js","all":false,"statementMap":{"0":{"start":{"line":1,"column":0},"end":{"line":1,"column":20}},"1":{"start":{"line":2,"column":0},"end":{"line":2,"column":49}},"2":{"start":{"line":3,"column":0},"end":{"line":3,"column":0}},"3":{"start":{"line":4,"column":0},"end":{"line":4,"column":32}},"4":{"start":{"line":5,"column":0},"end":{"line":5,"column":66}},"5":{"start":{"line":6,"column":0},"end":{"line":6,"column":14}},"6":{"start":{"line":7,"column":0},"end":{"line":7,"column":2}},"7":{"start":{"line":8,"column":0},"end":{"line":8,"column":0}},"8":{"start":{"line":9,"column":0},"end":{"line":9,"column":24}}},"s":{"0":1,"1":1,"2":1,"3":1,"4":2,"5":2,"6":2,"7":1,"8":1},"branchMap":{"0":{"type":"branch","line":4,"loc":{"start":{"line":4,"column":18},"end":{"line":7,"column":2}},"locations":[{"start":{"line":4,"column":18},"end":{"line":7,"column":2}}]}},"b":{"0":[2]},"fnMap":{"0":{"name":"readFile","decl":{"start":{"line":4,"column":18},"end":{"line":7,"column":2}},"loc":{"start":{"line":4,"column":18},"end":{"line":7,"column":2}},"line":4}},"f":{"0":2}}
}
