TN:
SF:src/comparator.js
FN:4,parseFile
FN:6,comparator
FN:13,cb
FNF:3
FNH:3
FNDA:2,parseFile
FNDA:1,comparator
FNDA:7,cb
DA:1,1
DA:2,1
DA:3,1
DA:4,1
DA:5,1
DA:6,1
DA:7,1
DA:8,1
DA:9,1
DA:10,1
DA:11,1
DA:12,1
DA:13,1
DA:14,7
DA:15,2
DA:16,7
DA:17,5
DA:18,4
DA:19,4
DA:20,5
DA:21,3
DA:22,3
DA:23,5
DA:24,7
DA:25,7
DA:26,7
DA:27,1
DA:28,1
DA:29,1
DA:30,1
DA:31,1
DA:32,1
DA:33,1
DA:34,1
DA:35,1
DA:36,1
DA:37,1
DA:38,1
DA:39,1
LF:39
LH:39
BRDA:4,0,0,2
BRDA:6,1,0,1
BRDA:13,2,0,7
BRDA:14,3,0,2
BRDA:16,4,0,5
BRDA:17,5,0,4
BRDA:20,6,0,3
BRF:7
BRH:7
end_of_record
TN:
SF:src/getFixturePath.js
FN:7,getFixturePath
FNF:1
FNH:1
FNDA:2,getFixturePath
DA:1,1
DA:2,1
DA:3,1
DA:4,1
DA:5,1
DA:6,1
DA:7,1
DA:8,2
DA:9,2
DA:10,2
DA:11,1
DA:12,1
LF:12
LH:12
BRDA:7,0,0,2
BRF:1
BRH:1
end_of_record
TN:
SF:src/readFile.js
FN:4,readFile
FNF:1
FNH:1
FNDA:2,readFile
DA:1,1
DA:2,1
DA:3,1
DA:4,1
DA:5,2
DA:6,2
DA:7,2
DA:8,1
DA:9,1
LF:9
LH:9
BRDA:4,0,0,2
BRF:1
BRH:1
end_of_record
